mode: count
github.com/aybabtme/set/gomap.go:14.28,14.53 1 388
github.com/aybabtme/set/gomap.go:17.30,17.42 1 3608088
github.com/aybabtme/set/gomap.go:20.40,20.68 2 3585195
github.com/aybabtme/set/gomap.go:23.31,23.53 1 6
github.com/aybabtme/set/gomap.go:26.26,26.43 1 392
github.com/aybabtme/set/gomap.go:29.33,29.49 1 8
github.com/aybabtme/set/gomap.go:32.32,35.19 3 346
github.com/aybabtme/set/gomap.go:39.2,39.13 1 346
github.com/aybabtme/set/gomap.go:35.19,38.3 2 6698439
github.com/aybabtme/set/hashset.go:19.35,21.2 1 47
github.com/aybabtme/set/hashset.go:23.39,23.69 1 2830742
github.com/aybabtme/set/hashset.go:26.33,26.61 1 44
github.com/aybabtme/set/hashset.go:29.43,29.87 2 2830690
github.com/aybabtme/set/hashset.go:32.34,32.58 1 6
github.com/aybabtme/set/hashset.go:35.29,35.48 1 28
github.com/aybabtme/set/hashset.go:38.36,38.68 1 8
github.com/aybabtme/set/set.go:25.35,26.29 1 26
github.com/aybabtme/set/set.go:29.2,29.29 1 26
github.com/aybabtme/set/set.go:26.29,28.3 1 235906
github.com/aybabtme/set/set.go:29.29,31.3 1 46704
github.com/aybabtme/set/set.go:36.39,37.29 1 26
github.com/aybabtme/set/set.go:37.29,38.20 1 235906
github.com/aybabtme/set/set.go:38.20,40.4 1 11813
github.com/aybabtme/set/set.go:47.40,48.29 1 38
github.com/aybabtme/set/set.go:48.29,49.21 1 3066543
github.com/aybabtme/set/set.go:49.21,51.4 1 3054709
github.com/aybabtme/set/set.go:57.33,58.29 1 26
github.com/aybabtme/set/set.go:63.2,63.29 1 26
github.com/aybabtme/set/set.go:58.29,59.21 1 235911
github.com/aybabtme/set/set.go:59.21,61.4 1 224093
github.com/aybabtme/set/set.go:63.29,64.21 1 46709
github.com/aybabtme/set/set.go:64.21,66.4 1 34891
